\BOOKMARK [0][-]{chapter*.1}{Preface}{}% 1
\BOOKMARK [0][-]{chapter*.1}{Contents}{}% 2
\BOOKMARK [0][-]{chapter.1}{Introduction}{}% 3
\BOOKMARK [1][-]{section.1.1}{Micro Regions}{chapter.1}% 4
\BOOKMARK [1][-]{section.1.2}{Avalanche Problems}{chapter.1}% 5
\BOOKMARK [0][-]{chapter.2}{Methods and data}{}% 6
\BOOKMARK [1][-]{section.2.1}{Region-Clustering}{chapter.2}% 7
\BOOKMARK [2][-]{subsection.2.1.1}{Regions \046 Micro Regions}{section.2.1}% 8
\BOOKMARK [2][-]{subsection.2.1.2}{SNOWGRID}{section.2.1}% 9
\BOOKMARK [2][-]{subsection.2.1.3}{Cost733cat - Weather and circulation type classification}{section.2.1}% 10
\BOOKMARK [2][-]{subsection.2.1.4}{Clustering}{section.2.1}% 11
\BOOKMARK [2][-]{subsection.2.1.5}{Assesing Avlanche Problems}{section.2.1}% 12
\BOOKMARK [2][-]{subsection.2.1.6}{SNOWPACK}{section.2.1}% 13
\BOOKMARK [2][-]{subsection.2.1.7}{Avalanche Problems}{section.2.1}% 14
\BOOKMARK [2][-]{subsection.2.1.8}{Avalnche Problem Algorithm}{section.2.1}% 15
\BOOKMARK [0][-]{chapter.3}{SNOWGRID Clustering}{}% 16
\BOOKMARK [0][-]{chapter.4}{Conclusion}{}% 17
\BOOKMARK [0][-]{chapter.5}{Outlook}{}% 18
\BOOKMARK [0][-]{appendix.A}{Large Quantities of Data}{}% 19
\BOOKMARK [0][-]{appendix*.5}{Acknowledgments}{}% 20
